       [01-17|20:32:01.054 UTC] [stage-loop    ] SILKWORM DOWNLOADER                version=master0.1.0-dev+commit.53b87b11.dirty build=linux-x86_64 release compiler=gnu 11.3.0 
       [01-17|20:32:01.054 UTC] [stage-loop    ] BlockExchange parameter            --max_blocks_per_req=128 
       [01-17|20:32:01.055 UTC] [stage-loop    ] BlockExchange parameter            --max_requests_per_peer=4 
       [01-17|20:32:01.055 UTC] [stage-loop    ] BlockExchange parameter            --request_deadline_s=30 
       [01-17|20:32:01.056 UTC] [stage-loop    ] BlockExchange parameter            --no_peer_delay_ms=1000 
       [01-17|20:32:01.057 UTC] [stage-loop    ] Opening database                   path=/home/motamed/.local/share/silkworm/chaindata 
       [01-17|20:32:01.078 UTC] [stage-loop    ] Database schema                    version=3.0.0 
       [01-17|20:32:01.078 UTC] [stage-loop    ] Priming database                   network id=40 
       [01-17|20:32:01.122 UTC] [stage-loop    ] Starting Silkworm                  chain=telosevmmainnet config={"berlinBlock":180698823,"byzantiumBlock":180698823,"chainId":40,"constantinopleBlock":180698823,"eip150Block":180698823,"eip155Block":180698823,"genesisBlockHash":"0x9bd7e881e0903ea4fa161c7f00096c11346f122bff30a3a5122ef5c1f9c9f80c","homesteadBlock":180698823,"istanbulBlock":180698823,"petersburgBlock":180698823} 
       [01-17|20:32:01.122 UTC] [stage-loop    ] Effective pruning                  mode=--prune= 
       [01-17|20:32:01.123 UTC] [stage-loop    ] Chain Identity                     id=40 genesis=0x9bd7e881e0903ea4fa161c7f00096c11346f122bff30a3a5122ef5c1f9c9f80c hard-forks=1 
  INFO [01-17|20:32:01.206 UTC] [stage-loop    ] Header persistence after height=180'699'000
  INFO [01-17|20:32:01.212 UTC] [stage-loop    ] Body persistence after   height=180'699'000
  INFO [01-17|20:32:01.238 UTC] [stage-loop    ] Header persistence after height=180'700'000
  INFO [01-17|20:32:01.258 UTC] [stage-loop    ] Body persistence after   height=180'700'000
  INFO [01-17|20:32:01.280 UTC] [stage-loop    ] Header persistence after height=180'701'000
  INFO [01-17|20:32:01.294 UTC] [stage-loop    ] Body persistence after   height=180'701'000
  INFO [01-17|20:32:01.315 UTC] [stage-loop    ] Header persistence after height=180'702'000
  INFO [01-17|20:32:01.329 UTC] [stage-loop    ] Body persistence after   height=180'702'000
  INFO [01-17|20:32:01.350 UTC] [stage-loop    ] Header persistence after height=180'703'000
  INFO [01-17|20:32:01.364 UTC] [stage-loop    ] Body persistence after   height=180'703'000
  INFO [01-17|20:32:01.384 UTC] [stage-loop    ] Header persistence after height=180'704'000
  INFO [01-17|20:32:01.397 UTC] [stage-loop    ] Body persistence after   height=180'704'000
  INFO [01-17|20:32:01.419 UTC] [stage-loop    ] Header persistence after height=180'705'000
  INFO [01-17|20:32:01.432 UTC] [stage-loop    ] Body persistence after   height=180'705'000
  INFO [01-17|20:32:01.456 UTC] [stage-loop    ] Header persistence after height=180'706'000
  INFO [01-17|20:32:01.468 UTC] [stage-loop    ] Body persistence after   height=180'706'000
  INFO [01-17|20:32:01.490 UTC] [stage-loop    ] Header persistence after height=180'707'000
  INFO [01-17|20:32:01.503 UTC] [stage-loop    ] Body persistence after   height=180'707'000
  INFO [01-17|20:32:01.528 UTC] [stage-loop    ] Header persistence after height=180'708'000
  INFO [01-17|20:32:01.545 UTC] [stage-loop    ] Body persistence after   height=180'708'000
  INFO [01-17|20:32:01.565 UTC] [stage-loop    ] Header persistence after height=180'709'000
  INFO [01-17|20:32:01.585 UTC] [stage-loop    ] Body persistence after   height=180'709'000
  INFO [01-17|20:32:01.606 UTC] [stage-loop    ] Header persistence after height=180'710'000
  INFO [01-17|20:32:01.623 UTC] [stage-loop    ] Body persistence after   height=180'710'000
  INFO [01-17|20:32:01.646 UTC] [stage-loop    ] Header persistence after height=180'711'000
  INFO [01-17|20:32:01.661 UTC] [stage-loop    ] Body persistence after   height=180'711'000
  INFO [01-17|20:32:01.706 UTC] [stage-loop    ] Header persistence after height=180'712'000
  INFO [01-17|20:32:01.729 UTC] [stage-loop    ] Body persistence after   height=180'712'000
  INFO [01-17|20:32:01.768 UTC] [stage-loop    ] Header persistence after height=180'713'000
  INFO [01-17|20:32:01.794 UTC] [stage-loop    ] Body persistence after   height=180'713'000
  INFO [01-17|20:32:01.818 UTC] [stage-loop    ] Header persistence after height=180'714'000
  INFO [01-17|20:32:01.835 UTC] [stage-loop    ] Body persistence after   height=180'714'000
  INFO [01-17|20:32:01.885 UTC] [stage-loop    ] Header persistence after height=180'715'000
  INFO [01-17|20:32:01.899 UTC] [stage-loop    ] Body persistence after   height=180'715'000
  INFO [01-17|20:32:01.939 UTC] [stage-loop    ] Header persistence after height=180'716'000
  INFO [01-17|20:32:01.953 UTC] [stage-loop    ] Body persistence after   height=180'716'000
  INFO [01-17|20:32:01.975 UTC] [stage-loop    ] Header persistence after height=180'717'000
  INFO [01-17|20:32:01.989 UTC] [stage-loop    ] Body persistence after   height=180'717'000
  INFO [01-17|20:32:02.009 UTC] [stage-loop    ] Header persistence after height=180'718'000
  INFO [01-17|20:32:02.027 UTC] [stage-loop    ] Body persistence after   height=180'718'000
  INFO [01-17|20:32:02.051 UTC] [stage-loop    ] Header persistence after height=180'719'000
  INFO [01-17|20:32:02.066 UTC] [stage-loop    ] Body persistence after   height=180'719'000
  INFO [01-17|20:32:02.087 UTC] [stage-loop    ] Header persistence after height=180'720'000
  INFO [01-17|20:32:02.107 UTC] [stage-loop    ] Body persistence after   height=180'720'000
  INFO [01-17|20:32:02.128 UTC] [stage-loop    ] Header persistence after height=180'721'000
  INFO [01-17|20:32:02.143 UTC] [stage-loop    ] Body persistence after   height=180'721'000
  INFO [01-17|20:32:02.182 UTC] [stage-loop    ] Header persistence after height=180'722'000
       [01-17|20:32:19.287 UTC] [stage-loop    ] SILKWORM DOWNLOADER                version=master0.1.0-dev+commit.53b87b11.dirty build=linux-x86_64 release compiler=gnu 11.3.0 
       [01-17|20:32:19.288 UTC] [stage-loop    ] BlockExchange parameter            --max_blocks_per_req=128 
       [01-17|20:32:19.288 UTC] [stage-loop    ] BlockExchange parameter            --max_requests_per_peer=4 
       [01-17|20:32:19.289 UTC] [stage-loop    ] BlockExchange parameter            --request_deadline_s=30 
       [01-17|20:32:19.289 UTC] [stage-loop    ] BlockExchange parameter            --no_peer_delay_ms=1000 
       [01-17|20:32:19.290 UTC] [stage-loop    ] Opening database                   path=/home/motamed/.local/share/silkworm/chaindata 
       [01-17|20:32:19.302 UTC] [stage-loop    ] Database schema                    version=3.0.0 
       [01-17|20:32:19.303 UTC] [stage-loop    ] Priming database                   network id=40 
       [01-17|20:32:19.333 UTC] [stage-loop    ] Starting Silkworm                  chain=telosevmmainnet config={"berlinBlock":180698823,"byzantiumBlock":180698823,"chainId":40,"constantinopleBlock":180698823,"eip150Block":180698823,"eip155Block":180698823,"genesisBlockHash":"0x9bd7e881e0903ea4fa161c7f00096c11346f122bff30a3a5122ef5c1f9c9f80c","homesteadBlock":180698823,"istanbulBlock":180698823,"petersburgBlock":180698823} 
       [01-17|20:32:19.334 UTC] [stage-loop    ] Effective pruning                  mode=--prune= 
       [01-17|20:32:19.335 UTC] [stage-loop    ] Chain Identity                     id=40 genesis=0x9bd7e881e0903ea4fa161c7f00096c11346f122bff30a3a5122ef5c1f9c9f80c hard-forks=1 
  INFO [01-17|20:32:19.352 UTC] [stage-loop    ] Header persistence after height=180'699'000
  INFO [01-17|20:32:19.359 UTC] [stage-loop    ] Body persistence after   height=180'699'000
  INFO [01-17|20:32:19.380 UTC] [stage-loop    ] Header persistence after height=180'700'000
  INFO [01-17|20:32:19.393 UTC] [stage-loop    ] Body persistence after   height=180'700'000
  INFO [01-17|20:32:19.412 UTC] [stage-loop    ] Header persistence after height=180'701'000
  INFO [01-17|20:32:19.424 UTC] [stage-loop    ] Body persistence after   height=180'701'000
  INFO [01-17|20:32:19.441 UTC] [stage-loop    ] Header persistence after height=180'702'000
  INFO [01-17|20:32:19.456 UTC] [stage-loop    ] Body persistence after   height=180'702'000
  INFO [01-17|20:32:19.474 UTC] [stage-loop    ] Header persistence after height=180'703'000
  INFO [01-17|20:32:19.487 UTC] [stage-loop    ] Body persistence after   height=180'703'000
  INFO [01-17|20:32:19.506 UTC] [stage-loop    ] Header persistence after height=180'704'000
  INFO [01-17|20:32:19.520 UTC] [stage-loop    ] Body persistence after   height=180'704'000
  INFO [01-17|20:32:19.539 UTC] [stage-loop    ] Header persistence after height=180'705'000
  INFO [01-17|20:32:19.552 UTC] [stage-loop    ] Body persistence after   height=180'705'000
  INFO [01-17|20:32:19.571 UTC] [stage-loop    ] Header persistence after height=180'706'000
  INFO [01-17|20:32:19.584 UTC] [stage-loop    ] Body persistence after   height=180'706'000
  INFO [01-17|20:32:19.603 UTC] [stage-loop    ] Header persistence after height=180'707'000
  INFO [01-17|20:32:19.616 UTC] [stage-loop    ] Body persistence after   height=180'707'000
  INFO [01-17|20:32:19.636 UTC] [stage-loop    ] Header persistence after height=180'708'000
  INFO [01-17|20:32:19.649 UTC] [stage-loop    ] Body persistence after   height=180'708'000
  INFO [01-17|20:32:19.668 UTC] [stage-loop    ] Header persistence after height=180'709'000
  INFO [01-17|20:32:19.681 UTC] [stage-loop    ] Body persistence after   height=180'709'000
  INFO [01-17|20:32:19.700 UTC] [stage-loop    ] Header persistence after height=180'710'000
  INFO [01-17|20:32:19.713 UTC] [stage-loop    ] Body persistence after   height=180'710'000
  INFO [01-17|20:32:19.732 UTC] [stage-loop    ] Header persistence after height=180'711'000
  INFO [01-17|20:32:19.746 UTC] [stage-loop    ] Body persistence after   height=180'711'000
  INFO [01-17|20:32:19.765 UTC] [stage-loop    ] Header persistence after height=180'712'000
  INFO [01-17|20:32:19.779 UTC] [stage-loop    ] Body persistence after   height=180'712'000
  INFO [01-17|20:32:19.798 UTC] [stage-loop    ] Header persistence after height=180'713'000
  INFO [01-17|20:32:19.812 UTC] [stage-loop    ] Body persistence after   height=180'713'000
  INFO [01-17|20:32:19.832 UTC] [stage-loop    ] Header persistence after height=180'714'000
  INFO [01-17|20:32:19.846 UTC] [stage-loop    ] Body persistence after   height=180'714'000
  INFO [01-17|20:32:19.865 UTC] [stage-loop    ] Header persistence after height=180'715'000
  INFO [01-17|20:32:19.881 UTC] [stage-loop    ] Body persistence after   height=180'715'000
  INFO [01-17|20:32:19.901 UTC] [stage-loop    ] Header persistence after height=180'716'000
  INFO [01-17|20:32:19.915 UTC] [stage-loop    ] Body persistence after   height=180'716'000
  INFO [01-17|20:32:19.935 UTC] [stage-loop    ] Header persistence after height=180'717'000
  INFO [01-17|20:32:19.949 UTC] [stage-loop    ] Body persistence after   height=180'717'000
  INFO [01-17|20:32:19.968 UTC] [stage-loop    ] Header persistence after height=180'718'000
  INFO [01-17|20:32:19.983 UTC] [stage-loop    ] Body persistence after   height=180'718'000
  INFO [01-17|20:32:20.001 UTC] [stage-loop    ] Header persistence after height=180'719'000
  INFO [01-17|20:32:20.016 UTC] [stage-loop    ] Body persistence after   height=180'719'000
  INFO [01-17|20:32:20.035 UTC] [stage-loop    ] Header persistence after height=180'720'000
  INFO [01-17|20:32:20.051 UTC] [stage-loop    ] Body persistence after   height=180'720'000
  INFO [01-17|20:32:20.072 UTC] [stage-loop    ] Header persistence after height=180'721'000
  INFO [01-17|20:32:20.087 UTC] [stage-loop    ] Body persistence after   height=180'721'000
  INFO [01-17|20:32:20.108 UTC] [stage-loop    ] Header persistence after height=180'722'000
  INFO [01-17|20:32:20.124 UTC] [stage-loop    ] Body persistence after   height=180'722'000
  INFO [01-17|20:32:20.149 UTC] [stage-loop    ] Header persistence after height=180'723'000
  INFO [01-17|20:32:20.163 UTC] [stage-loop    ] Body persistence after   height=180'723'000
  INFO [01-17|20:32:20.184 UTC] [stage-loop    ] Header persistence after height=180'724'000
  INFO [01-17|20:32:20.200 UTC] [stage-loop    ] Body persistence after   height=180'724'000
  INFO [01-17|20:32:20.222 UTC] [stage-loop    ] Header persistence after height=180'725'000
  INFO [01-17|20:32:20.238 UTC] [stage-loop    ] Body persistence after   height=180'725'000
  INFO [01-17|20:32:20.261 UTC] [stage-loop    ] Header persistence after height=180'726'000
